app/build/intermediates/manifest_merge_blame_file/debug/manifest-merger-blame-debug-report.txt
1<?xml version="1.0" encoding="utf-8"?>
2<!--
3    ~ Copyright 2022 The TensorFlow Authors. All Rights Reserved.
4    ~
5    ~ Licensed under the Apache License, Version 2.0 (the "License");
6    ~ you may not use this file except in compliance with the License.
7    ~ You may obtain a copy of the License at
8    ~
9    ~       http://www.apache.org/licenses/LICENSE-2.0
10    ~
11    ~ Unless required by applicable law or agreed to in writing, software
12    ~ distributed under the License is distributed on an "AS IS" BASIS,
13    ~ WITHOUT WARRANTIES OR CONDITIONS OF ANY KIND, either express or implied.
14    ~ See the License for the specific language governing permissions and
15    ~ limitations under the License.
16-->
17<manifest xmlns:android="http://schemas.android.com/apk/res/android"
18    xmlns:dist="http://schemas.android.com/apk/distribution"
19    package="com.google.mediapipe.examples.objectdetection"
20    android:versionCode="1"
21    android:versionName="1.0.0" >
22
23    <uses-sdk
24        android:minSdkVersion="24"
24-->src\main\AndroidManifest.xml
25        android:targetSdkVersion="32" />
25-->src\main\AndroidManifest.xml
26
27    <!-- Enable instant app support -->
28    <dist:module dist:instant="true" />
28-->src\main\AndroidManifest.xml:23:5-40
28-->src\main\AndroidManifest.xml:23:18-37
29
30    <!-- Declare features -->
31    <uses-feature android:name="android.hardware.camera" />
31-->src\main\AndroidManifest.xml:26:5-60
31-->src\main\AndroidManifest.xml:26:19-57
32
33    <!-- Declare permissions -->
34    <uses-permission android:name="android.permission.CAMERA" />
34-->src\main\AndroidManifest.xml:29:5-65
34-->src\main\AndroidManifest.xml:29:22-62
35
36    <!-- Although the *SdkVersion is captured in gradle build files, this is required for non gradle builds -->
37    <!-- <uses-sdk android:minSdkVersion="14"/> -->
38    <uses-permission android:name="android.permission.ACCESS_NETWORK_STATE" />
38-->[com.google.android.datatransport:transport-backend-cct:3.1.0] AndroidManifest.xml:25:5-79
38-->[com.google.android.datatransport:transport-backend-cct:3.1.0] AndroidManifest.xml:25:22-76
39    <uses-permission android:name="android.permission.INTERNET" />
39-->[com.google.android.datatransport:transport-backend-cct:3.1.0] AndroidManifest.xml:26:5-67
39-->[com.google.android.datatransport:transport-backend-cct:3.1.0] AndroidManifest.xml:26:22-64
40
41    <application
41-->src\main\AndroidManifest.xml:31:5-62:19
42        android:allowBackup="true"
42-->src\main\AndroidManifest.xml:32:9-35
43        android:appComponentFactory="androidx.core.app.CoreComponentFactory"
43-->[androidx.core:core:1.8.0] AndroidManifest.xml:24:18-86
44        android:debuggable="true"
45        android:extractNativeLibs="false"
46        android:icon="@mipmap/ic_launcher"
46-->src\main\AndroidManifest.xml:33:9-43
47        android:label="@string/app_name"
47-->src\main\AndroidManifest.xml:34:9-41
48        android:roundIcon="@mipmap/ic_launcher_round"
48-->src\main\AndroidManifest.xml:35:9-54
49        android:taskAffinity=""
49-->src\main\AndroidManifest.xml:36:9-32
50        android:testOnly="true" >
51        <activity
51-->src\main\AndroidManifest.xml:39:9-60:20
52            android:name="com.google.mediapipe.examples.objectdetection.MainActivity"
52-->src\main\AndroidManifest.xml:40:13-41
53            android:clearTaskOnLaunch="true"
53-->src\main\AndroidManifest.xml:41:13-45
54            android:exported="true"
54-->src\main\AndroidManifest.xml:42:13-36
55            android:icon="@mipmap/ic_launcher"
55-->src\main\AndroidManifest.xml:43:13-47
56            android:resizeableActivity="true"
56-->src\main\AndroidManifest.xml:44:13-46
57            android:rotationAnimation="seamless"
57-->src\main\AndroidManifest.xml:45:13-49
58            android:theme="@style/AppTheme" >
58-->src\main\AndroidManifest.xml:46:13-44
59
60            <!-- Main app intent filter -->
61            <intent-filter>
61-->src\main\AndroidManifest.xml:50:13-53:29
62                <action android:name="android.intent.action.MAIN" />
62-->src\main\AndroidManifest.xml:51:17-69
62-->src\main\AndroidManifest.xml:51:25-66
63
64                <category android:name="android.intent.category.LAUNCHER" />
64-->src\main\AndroidManifest.xml:52:17-77
64-->src\main\AndroidManifest.xml:52:27-74
65            </intent-filter>
66
67            <!-- Declare notch support -->
68            <meta-data
68-->src\main\AndroidManifest.xml:56:13-58:40
69                android:name="android.notch_support"
69-->src\main\AndroidManifest.xml:57:17-53
70                android:value="true" />
70-->src\main\AndroidManifest.xml:58:17-37
71        </activity>
72
73        <uses-library
73-->[androidx.window:window:1.0.0-alpha09] AndroidManifest.xml:25:9-27:40
74            android:name="androidx.window.extensions"
74-->[androidx.window:window:1.0.0-alpha09] AndroidManifest.xml:26:13-54
75            android:required="false" />
75-->[androidx.window:window:1.0.0-alpha09] AndroidManifest.xml:27:13-37
76        <uses-library
76-->[androidx.window:window:1.0.0-alpha09] AndroidManifest.xml:28:9-30:40
77            android:name="androidx.window.sidecar"
77-->[androidx.window:window:1.0.0-alpha09] AndroidManifest.xml:29:13-51
78            android:required="false" />
78-->[androidx.window:window:1.0.0-alpha09] AndroidManifest.xml:30:13-37
79
80        <service
80-->[androidx.camera:camera-camera2:1.1.0] AndroidManifest.xml:26:9-35:19
81            android:name="androidx.camera.core.impl.MetadataHolderService"
81-->[androidx.camera:camera-camera2:1.1.0] AndroidManifest.xml:27:13-75
82            android:enabled="false"
82-->[androidx.camera:camera-camera2:1.1.0] AndroidManifest.xml:28:13-36
83            android:exported="false" >
83-->[androidx.camera:camera-camera2:1.1.0] AndroidManifest.xml:29:13-37
84            <meta-data
84-->[androidx.camera:camera-camera2:1.1.0] AndroidManifest.xml:32:13-34:89
85                android:name="androidx.camera.core.impl.MetadataHolderService.DEFAULT_CONFIG_PROVIDER"
85-->[androidx.camera:camera-camera2:1.1.0] AndroidManifest.xml:33:17-103
86                android:value="androidx.camera.camera2.Camera2Config$DefaultProvider" />
86-->[androidx.camera:camera-camera2:1.1.0] AndroidManifest.xml:34:17-86
87        </service>
88
89        <provider
89-->[androidx.lifecycle:lifecycle-process:2.2.0] AndroidManifest.xml:25:9-29:43
90            android:name="androidx.lifecycle.ProcessLifecycleOwnerInitializer"
90-->[androidx.lifecycle:lifecycle-process:2.2.0] AndroidManifest.xml:26:13-79
91            android:authorities="com.google.mediapipe.examples.objectdetection.lifecycle-process"
91-->[androidx.lifecycle:lifecycle-process:2.2.0] AndroidManifest.xml:27:13-69
92            android:exported="false"
92-->[androidx.lifecycle:lifecycle-process:2.2.0] AndroidManifest.xml:28:13-37
93            android:multiprocess="true" />
93-->[androidx.lifecycle:lifecycle-process:2.2.0] AndroidManifest.xml:29:13-40
94
95        <service
95-->[com.google.android.datatransport:transport-backend-cct:3.1.0] AndroidManifest.xml:29:9-35:19
96            android:name="com.google.android.datatransport.runtime.backends.TransportBackendDiscovery"
96-->[com.google.android.datatransport:transport-backend-cct:3.1.0] AndroidManifest.xml:30:13-103
97            android:exported="false" >
97-->[com.google.android.datatransport:transport-backend-cct:3.1.0] AndroidManifest.xml:31:13-37
98            <meta-data
98-->[com.google.android.datatransport:transport-backend-cct:3.1.0] AndroidManifest.xml:32:13-34:39
99                android:name="backend:com.google.android.datatransport.cct.CctBackendFactory"
99-->[com.google.android.datatransport:transport-backend-cct:3.1.0] AndroidManifest.xml:33:17-94
100                android:value="cct" />
100-->[com.google.android.datatransport:transport-backend-cct:3.1.0] AndroidManifest.xml:34:17-36
101        </service>
102        <service
102-->[com.google.android.datatransport:transport-runtime:3.1.0] AndroidManifest.xml:26:9-30:19
103            android:name="com.google.android.datatransport.runtime.scheduling.jobscheduling.JobInfoSchedulerService"
103-->[com.google.android.datatransport:transport-runtime:3.1.0] AndroidManifest.xml:27:13-117
104            android:exported="false"
104-->[com.google.android.datatransport:transport-runtime:3.1.0] AndroidManifest.xml:28:13-37
105            android:permission="android.permission.BIND_JOB_SERVICE" >
105-->[com.google.android.datatransport:transport-runtime:3.1.0] AndroidManifest.xml:29:13-69
106        </service>
107
108        <receiver
108-->[com.google.android.datatransport:transport-runtime:3.1.0] AndroidManifest.xml:32:9-34:40
109            android:name="com.google.android.datatransport.runtime.scheduling.jobscheduling.AlarmManagerSchedulerBroadcastReceiver"
109-->[com.google.android.datatransport:transport-runtime:3.1.0] AndroidManifest.xml:33:13-132
110            android:exported="false" />
110-->[com.google.android.datatransport:transport-runtime:3.1.0] AndroidManifest.xml:34:13-37
111    </application>
112
113</manifest>